Info [system] rgEngine v0.5.0 (02.12.2021 at 09:00), client, cJSON v1.7.14
Info [system] SDL version: 2.0.10
Info [system] Platform: Linux, Octal-core CPU, line 64, 7937 Mb ram.
Info [system] Mounting file systems...
Info [network] Starting networking subsystem...
Info [network] SDLNet ver: 2.0.1
Info [ phys ] Init world
Info [client] Initializing client
Info [render] OpenGL shaders: ENABLED
Info [render] Created renderer: opengl
Info [render] Starting renderer
Info [render] OpenGL Renderer: NVIDIA Corporation NVIDIA GeForce GT 730/PCIe/SSE2
Info [render] OpenGL Version: 4.6.0 NVIDIA 470.86; GLSL: 4.60 NVIDIA
Info [system] Loading shaders: platform/shader/main.vs platform/shader/main.fs
Info [system] Loading shaders: platform/shader/ds_lightpass.vs platform/shader/ds_lightpass.fs
Info [system] Loading shaders: platform/shader/ds_output.vs platform/shader/ds_output.fs
Info [system] Loading shaders: platform/shader/ds_sslr.vs platform/shader/ds_sslr.fs
Info [system] Loading shaders: platform/shader/ds_shadowqmap.vs platform/shader/ds_shadowqmap.fs
Info [system] |___GEOMETRY: platform/shader/ds_shadowqmap.gs
Warn [system] SHADER USES GEOMETRY PROGRAM!
Info [system] Loading shaders: platform/shader/fs_particle.vs platform/shader/fs_particle.fs
Info [system] |___GEOMETRY: platform/shader/fs_particle.gs
Warn [system] SHADER USES GEOMETRY PROGRAM!
Info [system] Loading shaders: platform/shader/dbg_light.vs platform/shader/dbg_light.fs
Info [render] Load texture: gamedata/textures/grass.png
Info [render] Load texture: gamedata/textures/flower.png
Info [render] Load texture: gamedata/textures/norm.png
Info [render] Load texture: gamedata/textures/norm.png
Info [system] Loading shaders: platform/shader/gui.vs platform/shader/gui.fs
Info [system] Loading shaders: platform/shader/l3d.vs platform/shader/l3d.fs
Info [render] Load texture: gamedata/textures/gui/load_bg.png
Info [render] Load texture: gamedata/textures/gui/loading.png
Info [audio] AL: Open device...
Info [audio] AL: Loading sound: gamedata/bg.ogg
Info [system] Event handler thread started!
Info [system] Starting engine...
Info [ game ] Loading level: gamedata/levels/rg_test_/
Info [system] Executing script: gamedata/levels/rg_test_/level.js
Info [client] Loaded animation gamedata/anims/vampire.anim: 3.433333 s.
Info [client] Loaded animation gamedata/anims/vampire.anim: 3.433333 s.
Info [system] Size changed: 1280x720
Info [client] Loaded animation gamedata/anims/vampire.anim: 3.433333 s.
Info [client] Loaded animation gamedata/anims/vampire.anim: 3.433333 s.
Info [client] Loaded animation gamedata/anims/vampire.anim: 3.433333 s.
Info [client] Loaded animation gamedata/anims/vampire.anim: 3.433333 s.
Info [render] Loading geometry
Info [render] Load mesh: gamedata/levels/rg_test_/level.rgm
Info [render] Load mesh: gamedata/meshes/vampire.argm
Info [render] Loading textures
Info [render] Load texture: gamedata/materials/anim_mdl/diff.png
Info [render] Load texture: gamedata/materials/anim_mdl/norm.png
Info [render] Load texture: gamedata/materials/anim_mdl/roug.png
 Err [system] Resource gamedata/materials/anim_mdl/roug.png not found!
Info [ game ] Unable to load texutre: gamedata/materials/anim_mdl/roug.png, USING DEFAULT!
Info [render] Load texture: gamedata/materials/anim_mdl/metl.png
 Err [system] Resource gamedata/materials/anim_mdl/metl.png not found!
Info [ game ] Unable to load texutre: gamedata/materials/anim_mdl/metl.png, USING DEFAULT!
Info [render] Load texture: gamedata/materials/grass/diff.png
Info [render] Load texture: gamedata/materials/grass/norm.png
Info [render] Load texture: gamedata/materials/grass/roug.png
 Err [system] Resource gamedata/materials/grass/roug.png not found!
Info [ game ] Unable to load texutre: gamedata/materials/grass/roug.png, USING DEFAULT!
Info [render] Load texture: gamedata/materials/grass/metl.png
 Err [system] Resource gamedata/materials/grass/metl.png not found!
Info [ game ] Unable to load texutre: gamedata/materials/grass/metl.png, USING DEFAULT!
Info [system] Shutdown request detected!
Info [client] Client: shutdown
Info